[debug] [2026-01-24T14:52:53.622Z] ----------------------------------------------------------------------
[debug] [2026-01-24T14:52:53.627Z] Command:       /usr/local/bin/node /Users/pierre/.npm-global/bin/firebase deploy --only functions
[debug] [2026-01-24T14:52:53.627Z] CLI Version:   15.4.0
[debug] [2026-01-24T14:52:53.627Z] Platform:      darwin
[debug] [2026-01-24T14:52:53.627Z] Node Version:  v22.17.0
[debug] [2026-01-24T14:52:53.628Z] Time:          Sat Jan 24 2026 15:52:53 GMT+0100 (heure normale d’Europe centrale)
[debug] [2026-01-24T14:52:53.628Z] ----------------------------------------------------------------------
[debug] 
[debug] [2026-01-24T14:52:54.442Z] > command requires scopes: ["email","openid","https://www.googleapis.com/auth/cloudplatformprojects.readonly","https://www.googleapis.com/auth/firebase","https://www.googleapis.com/auth/cloud-platform"]
[debug] [2026-01-24T14:52:54.443Z] > authorizing via signed-in user (pierrerobrt@gmail.com)
[debug] [2026-01-24T14:52:54.443Z] [iam] checking project vin-c08ff for permissions ["cloudfunctions.functions.create","cloudfunctions.functions.delete","cloudfunctions.functions.get","cloudfunctions.functions.list","cloudfunctions.functions.update","cloudfunctions.operations.get","firebase.projects.get"]
[debug] [2026-01-24T14:52:54.443Z] Checked if tokens are valid: true, expires at: 1769269262015
[debug] [2026-01-24T14:52:54.443Z] Checked if tokens are valid: true, expires at: 1769269262015
[debug] [2026-01-24T14:52:54.444Z] >>> [apiv2][query] POST https://cloudresourcemanager.googleapis.com/v1/projects/vin-c08ff:testIamPermissions [none]
[debug] [2026-01-24T14:52:54.444Z] >>> [apiv2][(partial)header] POST https://cloudresourcemanager.googleapis.com/v1/projects/vin-c08ff:testIamPermissions x-goog-quota-user=projects/vin-c08ff
[debug] [2026-01-24T14:52:54.444Z] >>> [apiv2][body] POST https://cloudresourcemanager.googleapis.com/v1/projects/vin-c08ff:testIamPermissions {"permissions":["cloudfunctions.functions.create","cloudfunctions.functions.delete","cloudfunctions.functions.get","cloudfunctions.functions.list","cloudfunctions.functions.update","cloudfunctions.operations.get","firebase.projects.get"]}
[debug] [2026-01-24T14:52:55.155Z] <<< [apiv2][status] POST https://cloudresourcemanager.googleapis.com/v1/projects/vin-c08ff:testIamPermissions 200
[debug] [2026-01-24T14:52:55.155Z] <<< [apiv2][body] POST https://cloudresourcemanager.googleapis.com/v1/projects/vin-c08ff:testIamPermissions {"permissions":["cloudfunctions.functions.create","cloudfunctions.functions.delete","cloudfunctions.functions.get","cloudfunctions.functions.list","cloudfunctions.functions.update","cloudfunctions.operations.get","firebase.projects.get"]}
[debug] [2026-01-24T14:52:55.155Z] Checked if tokens are valid: true, expires at: 1769269262015
[debug] [2026-01-24T14:52:55.155Z] Checked if tokens are valid: true, expires at: 1769269262015
[debug] [2026-01-24T14:52:55.155Z] >>> [apiv2][query] POST https://iam.googleapis.com/v1/projects/vin-c08ff/serviceAccounts/vin-c08ff@appspot.gserviceaccount.com:testIamPermissions [none]
[debug] [2026-01-24T14:52:55.155Z] >>> [apiv2][body] POST https://iam.googleapis.com/v1/projects/vin-c08ff/serviceAccounts/vin-c08ff@appspot.gserviceaccount.com:testIamPermissions {"permissions":["iam.serviceAccounts.actAs"]}
[debug] [2026-01-24T14:52:55.897Z] <<< [apiv2][status] POST https://iam.googleapis.com/v1/projects/vin-c08ff/serviceAccounts/vin-c08ff@appspot.gserviceaccount.com:testIamPermissions 200
[debug] [2026-01-24T14:52:55.898Z] <<< [apiv2][body] POST https://iam.googleapis.com/v1/projects/vin-c08ff/serviceAccounts/vin-c08ff@appspot.gserviceaccount.com:testIamPermissions {"permissions":["iam.serviceAccounts.actAs"]}
[info] 
[info] === Deploying to 'vin-c08ff'...
[info] 
[info] i  deploying functions 
[info] Running command: npm --prefix "$RESOURCE_DIR" run lint
[info] ✔  functions: Finished running predeploy script. 
[debug] [2026-01-24T14:52:56.139Z] Checked if tokens are valid: true, expires at: 1769269262015
[debug] [2026-01-24T14:52:56.139Z] Checked if tokens are valid: true, expires at: 1769269262015
[debug] [2026-01-24T14:52:56.139Z] >>> [apiv2][query] GET https://cloudresourcemanager.googleapis.com/v1/projects/vin-c08ff [none]
[debug] [2026-01-24T14:52:56.334Z] <<< [apiv2][status] GET https://cloudresourcemanager.googleapis.com/v1/projects/vin-c08ff 200
[debug] [2026-01-24T14:52:56.334Z] <<< [apiv2][body] GET https://cloudresourcemanager.googleapis.com/v1/projects/vin-c08ff {"projectNumber":"522201881359","projectId":"vin-c08ff","lifecycleState":"ACTIVE","name":"10Vin","labels":{"firebase":"enabled","firebase-core":"disabled"},"createTime":"2026-01-17T16:16:12.529938Z"}
[info] i  functions: preparing codebase default for deployment 
[info] i  functions: ensuring required API cloudfunctions.googleapis.com is enabled... 
[info] i  functions: ensuring required API cloudbuild.googleapis.com is enabled... 
[info] i  artifactregistry: ensuring required API artifactregistry.googleapis.com is enabled... 
[debug] [2026-01-24T14:52:56.336Z] Checked if tokens are valid: true, expires at: 1769269262015
[debug] [2026-01-24T14:52:56.336Z] Checked if tokens are valid: true, expires at: 1769269262015
[debug] [2026-01-24T14:52:56.336Z] >>> [apiv2][query] GET https://firebase.googleapis.com/v1beta1/projects/vin-c08ff/adminSdkConfig [none]
[debug] [2026-01-24T14:52:56.868Z] <<< [apiv2][status] GET https://firebase.googleapis.com/v1beta1/projects/vin-c08ff/adminSdkConfig 200
[debug] [2026-01-24T14:52:56.869Z] <<< [apiv2][body] GET https://firebase.googleapis.com/v1beta1/projects/vin-c08ff/adminSdkConfig {"projectId":"vin-c08ff","storageBucket":"vin-c08ff.firebasestorage.app"}
[debug] [2026-01-24T14:52:56.871Z] Validating nodejs source
[debug] [2026-01-24T14:52:57.416Z] > [functions] package.json contents: {
  "name": "functions",
  "version": "1.0.0",
  "main": "index.js",
  "scripts": {
    "lint": "echo \"No lint configured\"",
    "test": "echo \"Error: no test specified\" && exit 1"
  },
  "keywords": [],
  "author": "",
  "license": "ISC",
  "description": "",
  "engines": {
    "node": "20"
  },
  "dependencies": {
    "firebase-admin": "^13.6.0",
    "firebase-functions": "^7.0.3"
  }
}
[debug] [2026-01-24T14:52:57.417Z] Building nodejs source
[info] i  functions: Loading and analyzing source code for codebase default to determine what to deploy 
[debug] [2026-01-24T14:52:57.417Z] Could not find functions.yaml. Must use http discovery
[debug] [2026-01-24T14:52:57.427Z] Found firebase-functions binary at '/Users/pierre/Documents/10Vin/functions/node_modules/.bin/firebase-functions'
[info] Serving at port 8792

[debug] [2026-01-24T14:52:57.645Z] Got response from /__/functions.yaml {"endpoints":{"onFollowCreate":{"availableMemoryMb":null,"timeoutSeconds":null,"minInstances":null,"maxInstances":null,"ingressSettings":null,"concurrency":null,"serviceAccountEmail":null,"vpc":null,"platform":"gcfv2","labels":{},"eventTrigger":{"eventType":"google.cloud.firestore.document.v1.created","eventFilters":{"database":"(default)","namespace":"(default)"},"eventFilterPathPatterns":{"document":"users/{followerId}/following/{followeeId}"},"retry":false},"entryPoint":"onFollowCreate"},"onFollowDelete":{"availableMemoryMb":null,"timeoutSeconds":null,"minInstances":null,"maxInstances":null,"ingressSettings":null,"concurrency":null,"serviceAccountEmail":null,"vpc":null,"platform":"gcfv2","labels":{},"eventTrigger":{"eventType":"google.cloud.firestore.document.v1.deleted","eventFilters":{"database":"(default)","namespace":"(default)"},"eventFilterPathPatterns":{"document":"users/{followerId}/following/{followeeId}"},"retry":false},"entryPoint":"onFollowDelete"}},"specVersion":"v1alpha1","requiredAPIs":[],"extensions":{}}
[info] i  extensions: ensuring required API firebaseextensions.googleapis.com is enabled... 
[debug] [2026-01-24T14:53:01.675Z] > command requires scopes: ["email","openid","https://www.googleapis.com/auth/cloudplatformprojects.readonly","https://www.googleapis.com/auth/firebase","https://www.googleapis.com/auth/cloud-platform"]
[debug] [2026-01-24T14:53:01.675Z] > authorizing via signed-in user (pierrerobrt@gmail.com)
[debug] [2026-01-24T14:53:01.675Z] [iam] checking project vin-c08ff for permissions ["firebase.projects.get","firebaseextensions.instances.list"]
[debug] [2026-01-24T14:53:01.675Z] Checked if tokens are valid: true, expires at: 1769269262015
[debug] [2026-01-24T14:53:01.675Z] Checked if tokens are valid: true, expires at: 1769269262015
[debug] [2026-01-24T14:53:01.675Z] >>> [apiv2][query] POST https://cloudresourcemanager.googleapis.com/v1/projects/vin-c08ff:testIamPermissions [none]
[debug] [2026-01-24T14:53:01.675Z] >>> [apiv2][(partial)header] POST https://cloudresourcemanager.googleapis.com/v1/projects/vin-c08ff:testIamPermissions x-goog-quota-user=projects/vin-c08ff
[debug] [2026-01-24T14:53:01.675Z] >>> [apiv2][body] POST https://cloudresourcemanager.googleapis.com/v1/projects/vin-c08ff:testIamPermissions {"permissions":["firebase.projects.get","firebaseextensions.instances.list"]}
[debug] [2026-01-24T14:53:02.305Z] <<< [apiv2][status] POST https://cloudresourcemanager.googleapis.com/v1/projects/vin-c08ff:testIamPermissions 200
[debug] [2026-01-24T14:53:02.305Z] <<< [apiv2][body] POST https://cloudresourcemanager.googleapis.com/v1/projects/vin-c08ff:testIamPermissions {"permissions":["firebase.projects.get","firebaseextensions.instances.list"]}
[debug] [2026-01-24T14:53:02.305Z] Checked if tokens are valid: true, expires at: 1769269262015
[debug] [2026-01-24T14:53:02.305Z] Checked if tokens are valid: true, expires at: 1769269262015
[debug] [2026-01-24T14:53:02.306Z] >>> [apiv2][query] GET https://firebaseextensions.googleapis.com/v1beta/projects/vin-c08ff/instances pageSize=100&pageToken=
[debug] [2026-01-24T14:53:03.050Z] <<< [apiv2][status] GET https://firebaseextensions.googleapis.com/v1beta/projects/vin-c08ff/instances 200
[debug] [2026-01-24T14:53:03.050Z] <<< [apiv2][body] GET https://firebaseextensions.googleapis.com/v1beta/projects/vin-c08ff/instances {}
[info] i  functions: preparing functions directory for uploading... 
[info] i  functions: packaged /Users/pierre/Documents/10Vin/functions (30 KB) for uploading 
[debug] [2026-01-24T14:53:03.081Z] Checked if tokens are valid: true, expires at: 1769269262015
[debug] [2026-01-24T14:53:03.082Z] Checked if tokens are valid: true, expires at: 1769269262015
[debug] [2026-01-24T14:53:03.082Z] >>> [apiv2][query] GET https://cloudfunctions.googleapis.com/v1/projects/vin-c08ff/locations/-/functions [none]
[debug] [2026-01-24T14:53:03.747Z] <<< [apiv2][status] GET https://cloudfunctions.googleapis.com/v1/projects/vin-c08ff/locations/-/functions 200
[debug] [2026-01-24T14:53:03.747Z] <<< [apiv2][body] GET https://cloudfunctions.googleapis.com/v1/projects/vin-c08ff/locations/-/functions {}
[debug] [2026-01-24T14:53:03.748Z] Checked if tokens are valid: true, expires at: 1769269262015
[debug] [2026-01-24T14:53:03.748Z] Checked if tokens are valid: true, expires at: 1769269262015
[debug] [2026-01-24T14:53:03.748Z] >>> [apiv2][query] GET https://cloudfunctions.googleapis.com/v2/projects/vin-c08ff/locations/-/functions filter=environment%3D%22GEN_2%22
[debug] [2026-01-24T14:53:04.732Z] <<< [apiv2][status] GET https://cloudfunctions.googleapis.com/v2/projects/vin-c08ff/locations/-/functions 200
[debug] [2026-01-24T14:53:04.733Z] <<< [apiv2][body] GET https://cloudfunctions.googleapis.com/v2/projects/vin-c08ff/locations/-/functions {}
[debug] [2026-01-24T14:53:04.734Z] Checked if tokens are valid: true, expires at: 1769269262015
[debug] [2026-01-24T14:53:04.734Z] Checked if tokens are valid: true, expires at: 1769269262015
[debug] [2026-01-24T14:53:04.734Z] >>> [apiv2][query] GET https://firestore.googleapis.com/v1/projects/vin-c08ff/databases/(default) [none]
[debug] [2026-01-24T14:53:04.915Z] <<< [apiv2][status] GET https://firestore.googleapis.com/v1/projects/vin-c08ff/databases/(default) 200
[debug] [2026-01-24T14:53:04.915Z] <<< [apiv2][body] GET https://firestore.googleapis.com/v1/projects/vin-c08ff/databases/(default) {"name":"projects/vin-c08ff/databases/(default)","uid":"8e171884-08fa-4e35-b66b-532fbe566344","createTime":"2026-01-17T16:31:35.923751Z","updateTime":"2026-01-17T16:31:35.923751Z","locationId":"eur3","type":"FIRESTORE_NATIVE","concurrencyMode":"PESSIMISTIC","versionRetentionPeriod":"3600s","earliestVersionTime":"2026-01-24T13:53:04.908169Z","appEngineIntegrationMode":"DISABLED","keyPrefix":"e","pointInTimeRecoveryEnablement":"POINT_IN_TIME_RECOVERY_DISABLED","deleteProtectionState":"DELETE_PROTECTION_DISABLED","databaseEdition":"STANDARD","freeTier":true,"realtimeUpdatesMode":"REALTIME_UPDATES_MODE_ENABLED","etag":"IIrcivO2pJIDMLT6jYCCk5ID"}
[info] i  functions: ensuring required API run.googleapis.com is enabled... 
[info] i  functions: ensuring required API eventarc.googleapis.com is enabled... 
[info] i  functions: ensuring required API pubsub.googleapis.com is enabled... 
[info] i  functions: ensuring required API storage.googleapis.com is enabled... 
[info] i  functions: generating the service identity for pubsub.googleapis.com... 
[debug] [2026-01-24T14:53:04.919Z] Checked if tokens are valid: true, expires at: 1769269262015
[debug] [2026-01-24T14:53:04.919Z] Checked if tokens are valid: true, expires at: 1769269262015
[info] i  functions: generating the service identity for eventarc.googleapis.com... 
[debug] [2026-01-24T14:53:04.919Z] Checked if tokens are valid: true, expires at: 1769269262015
[debug] [2026-01-24T14:53:04.919Z] Checked if tokens are valid: true, expires at: 1769269262015
[debug] [2026-01-24T14:53:04.919Z] >>> [apiv2][query] POST https://serviceusage.googleapis.com/v1beta1/projects/522201881359/services/pubsub.googleapis.com:generateServiceIdentity [none]
[debug] [2026-01-24T14:53:04.919Z] >>> [apiv2][(partial)header] POST https://serviceusage.googleapis.com/v1beta1/projects/522201881359/services/pubsub.googleapis.com:generateServiceIdentity x-goog-quota-user=projects/522201881359
[debug] [2026-01-24T14:53:04.919Z] >>> [apiv2][body] POST https://serviceusage.googleapis.com/v1beta1/projects/522201881359/services/pubsub.googleapis.com:generateServiceIdentity {}
[debug] [2026-01-24T14:53:04.921Z] >>> [apiv2][query] POST https://serviceusage.googleapis.com/v1beta1/projects/522201881359/services/eventarc.googleapis.com:generateServiceIdentity [none]
[debug] [2026-01-24T14:53:04.921Z] >>> [apiv2][(partial)header] POST https://serviceusage.googleapis.com/v1beta1/projects/522201881359/services/eventarc.googleapis.com:generateServiceIdentity x-goog-quota-user=projects/522201881359
[debug] [2026-01-24T14:53:04.921Z] >>> [apiv2][body] POST https://serviceusage.googleapis.com/v1beta1/projects/522201881359/services/eventarc.googleapis.com:generateServiceIdentity {}
[debug] [2026-01-24T14:53:05.823Z] <<< [apiv2][status] POST https://serviceusage.googleapis.com/v1beta1/projects/522201881359/services/eventarc.googleapis.com:generateServiceIdentity 200
[debug] [2026-01-24T14:53:05.824Z] <<< [apiv2][body] POST https://serviceusage.googleapis.com/v1beta1/projects/522201881359/services/eventarc.googleapis.com:generateServiceIdentity {"name":"operations/finished.DONE_OPERATION","done":true,"response":{"@type":"type.googleapis.com/google.api.serviceusage.v1beta1.ServiceIdentity","email":"service-522201881359@gcp-sa-eventarc.iam.gserviceaccount.com","uniqueId":"117893552122708391124"}}
[debug] [2026-01-24T14:53:05.849Z] <<< [apiv2][status] POST https://serviceusage.googleapis.com/v1beta1/projects/522201881359/services/pubsub.googleapis.com:generateServiceIdentity 200
[debug] [2026-01-24T14:53:05.850Z] <<< [apiv2][body] POST https://serviceusage.googleapis.com/v1beta1/projects/522201881359/services/pubsub.googleapis.com:generateServiceIdentity {"name":"operations/finished.DONE_OPERATION","done":true,"response":{"@type":"type.googleapis.com/google.api.serviceusage.v1beta1.ServiceIdentity","email":"service-522201881359@gcp-sa-pubsub.iam.gserviceaccount.com","uniqueId":"113544051887290766394"}}
[debug] [2026-01-24T14:53:05.853Z] Checked if tokens are valid: true, expires at: 1769269262015
[debug] [2026-01-24T14:53:05.853Z] Checked if tokens are valid: true, expires at: 1769269262015
[debug] [2026-01-24T14:53:05.853Z] >>> [apiv2][query] GET https://compute.googleapis.com/compute/v1/projects/522201881359 [none]
[debug] [2026-01-24T14:53:06.060Z] <<< [apiv2][status] GET https://compute.googleapis.com/compute/v1/projects/522201881359 403
[debug] [2026-01-24T14:53:06.061Z] <<< [apiv2][body] GET https://compute.googleapis.com/compute/v1/projects/522201881359 {"error":{"code":403,"message":"Compute Engine API has not been used in project 522201881359 before or it is disabled. Enable it by visiting https://console.developers.google.com/apis/api/compute.googleapis.com/overview?project=522201881359 then retry. If you enabled this API recently, wait a few minutes for the action to propagate to our systems and retry.","errors":[{"message":"Compute Engine API has not been used in project 522201881359 before or it is disabled. Enable it by visiting https://console.developers.google.com/apis/api/compute.googleapis.com/overview?project=522201881359 then retry. If you enabled this API recently, wait a few minutes for the action to propagate to our systems and retry.","domain":"usageLimits","reason":"accessNotConfigured","extendedHelp":"https://console.developers.google.com"}],"status":"PERMISSION_DENIED","details":[{"@type":"type.googleapis.com/google.rpc.ErrorInfo","reason":"SERVICE_DISABLED","domain":"googleapis.com","metadata":{"service":"compute.googleapis.com","containerInfo":"522201881359","activationUrl":"https://console.developers.google.com/apis/api/compute.googleapis.com/overview?project=522201881359","consumer":"projects/522201881359","serviceTitle":"Compute Engine API"}},{"@type":"type.googleapis.com/google.rpc.LocalizedMessage","locale":"en-US","message":"Compute Engine API has not been used in project 522201881359 before or it is disabled. Enable it by visiting https://console.developers.google.com/apis/api/compute.googleapis.com/overview?project=522201881359 then retry. If you enabled this API recently, wait a few minutes for the action to propagate to our systems and retry."},{"@type":"type.googleapis.com/google.rpc.Help","links":[{"description":"Google developers console API activation","url":"https://console.developers.google.com/apis/api/compute.googleapis.com/overview?project=522201881359"}]}]}}
[debug] [2026-01-24T14:53:06.062Z] unable to look up default compute service account. Falling back to 522201881359-compute@developer.gserviceaccount.com. Error: {"name":"FirebaseError","children":[],"context":{"body":{"error":{"code":403,"message":"Compute Engine API has not been used in project 522201881359 before or it is disabled. Enable it by visiting https://console.developers.google.com/apis/api/compute.googleapis.com/overview?project=522201881359 then retry. If you enabled this API recently, wait a few minutes for the action to propagate to our systems and retry.","errors":[{"message":"Compute Engine API has not been used in project 522201881359 before or it is disabled. Enable it by visiting https://console.developers.google.com/apis/api/compute.googleapis.com/overview?project=522201881359 then retry. If you enabled this API recently, wait a few minutes for the action to propagate to our systems and retry.","domain":"usageLimits","reason":"accessNotConfigured","extendedHelp":"https://console.developers.google.com"}],"status":"PERMISSION_DENIED","details":[{"@type":"type.googleapis.com/google.rpc.ErrorInfo","reason":"SERVICE_DISABLED","domain":"googleapis.com","metadata":{"service":"compute.googleapis.com","containerInfo":"522201881359","activationUrl":"https://console.developers.google.com/apis/api/compute.googleapis.com/overview?project=522201881359","consumer":"projects/522201881359","serviceTitle":"Compute Engine API"}},{"@type":"type.googleapis.com/google.rpc.LocalizedMessage","locale":"en-US","message":"Compute Engine API has not been used in project 522201881359 before or it is disabled. Enable it by visiting https://console.developers.google.com/apis/api/compute.googleapis.com/overview?project=522201881359 then retry. If you enabled this API recently, wait a few minutes for the action to propagate to our systems and retry."},{"@type":"type.googleapis.com/google.rpc.Help","links":[{"description":"Google developers console API activation","url":"https://console.developers.google.com/apis/api/compute.googleapis.com/overview?project=522201881359"}]}]}},"response":{"statusCode":403}},"exit":1,"message":"Request to https://compute.googleapis.com/compute/v1/projects/522201881359 had HTTP Error: 403, Compute Engine API has not been used in project 522201881359 before or it is disabled. Enable it by visiting https://console.developers.google.com/apis/api/compute.googleapis.com/overview?project=522201881359 then retry. If you enabled this API recently, wait a few minutes for the action to propagate to our systems and retry.","status":403}
[debug] [2026-01-24T14:53:06.062Z] Checked if tokens are valid: true, expires at: 1769269262015
[debug] [2026-01-24T14:53:06.062Z] Checked if tokens are valid: true, expires at: 1769269262015
[debug] [2026-01-24T14:53:06.062Z] >>> [apiv2][query] POST https://cloudresourcemanager.googleapis.com/v1/projects/522201881359:getIamPolicy [none]
[debug] [2026-01-24T14:53:06.299Z] <<< [apiv2][status] POST https://cloudresourcemanager.googleapis.com/v1/projects/522201881359:getIamPolicy 200
[debug] [2026-01-24T14:53:06.299Z] <<< [apiv2][body] POST https://cloudresourcemanager.googleapis.com/v1/projects/522201881359:getIamPolicy {"version":1,"etag":"BwZJI2y9gnk=","bindings":[{"role":"roles/cloudbuild.builds.builder","members":["serviceAccount:522201881359@cloudbuild.gserviceaccount.com"]},{"role":"roles/cloudbuild.serviceAgent","members":["serviceAccount:service-522201881359@gcp-sa-cloudbuild.iam.gserviceaccount.com"]},{"role":"roles/cloudfunctions.serviceAgent","members":["serviceAccount:service-522201881359@gcf-admin-robot.iam.gserviceaccount.com"]},{"role":"roles/containerregistry.ServiceAgent","members":["serviceAccount:service-522201881359@containerregistry.iam.gserviceaccount.com"]},{"role":"roles/editor","members":["serviceAccount:522201881359-compute@developer.gserviceaccount.com","serviceAccount:522201881359@cloudservices.gserviceaccount.com","serviceAccount:vin-c08ff@appspot.gserviceaccount.com"]},{"role":"roles/eventarc.eventReceiver","members":["serviceAccount:522201881359-compute@developer.gserviceaccount.com"]},{"role":"roles/firebase.managementServiceAgent","members":["serviceAccount:service-522201881359@gcp-sa-firebase.iam.gserviceaccount.com"]},{"role":"roles/firebase.sdkAdminServiceAgent","members":["serviceAccount:firebase-adminsdk-fbsvc@vin-c08ff.iam.gserviceaccount.com"]},{"role":"roles/firebaseauth.admin","members":["serviceAccount:firebase-adminsdk-fbsvc@vin-c08ff.iam.gserviceaccount.com"]},{"role":"roles/firebasemods.serviceAgent","members":["serviceAccount:service-522201881359@gcp-sa-firebasemods.iam.gserviceaccount.com"]},{"role":"roles/firebaserules.system","members":["serviceAccount:service-522201881359@firebase-rules.iam.gserviceaccount.com"]},{"role":"roles/firebasestorage.serviceAgent","members":["serviceAccount:service-522201881359@gcp-sa-firebasestorage.iam.gserviceaccount.com"]},{"role":"roles/firestore.serviceAgent","members":["serviceAccount:service-522201881359@gcp-sa-firestore.iam.gserviceaccount.com"]},{"role":"roles/iam.serviceAccountTokenCreator","members":["serviceAccount:firebase-adminsdk-fbsvc@vin-c08ff.iam.gserviceaccount.com","serviceAccount:service-522201881359@gcp-sa-pubsub.iam.gserviceaccount.com"]},{"role":"roles/owner","members":["user:pierrerobrt@gmail.com"]},{"role":"roles/run.invoker","members":["serviceAccount:522201881359-compute@developer.gserviceaccount.com"]},{"role":"roles/run.serviceAgent","members":["serviceAccount:service-522201881359@serverless-robot-prod.iam.gserviceaccount.com"]},{"role":"roles/storage.admin","members":["serviceAccount:firebase-adminsdk-fbsvc@vin-c08ff.iam.gserviceaccount.com"]}]}
[debug] [2026-01-24T14:53:06.302Z] Checked if tokens are valid: true, expires at: 1769269262015
[debug] [2026-01-24T14:53:06.302Z] Checked if tokens are valid: true, expires at: 1769269262015
[debug] [2026-01-24T14:53:06.302Z] >>> [apiv2][query] GET https://cloudresourcemanager.googleapis.com/v1/projects/vin-c08ff [none]
[debug] [2026-01-24T14:53:06.716Z] <<< [apiv2][status] GET https://cloudresourcemanager.googleapis.com/v1/projects/vin-c08ff 200
[debug] [2026-01-24T14:53:06.717Z] <<< [apiv2][body] GET https://cloudresourcemanager.googleapis.com/v1/projects/vin-c08ff {"projectNumber":"522201881359","projectId":"vin-c08ff","lifecycleState":"ACTIVE","name":"10Vin","labels":{"firebase":"enabled","firebase-core":"disabled"},"createTime":"2026-01-17T16:16:12.529938Z"}
[debug] [2026-01-24T14:53:06.717Z] Checked if tokens are valid: true, expires at: 1769269262015
[debug] [2026-01-24T14:53:06.717Z] Checked if tokens are valid: true, expires at: 1769269262015
[debug] [2026-01-24T14:53:06.717Z] >>> [apiv2][query] GET https://compute.googleapis.com/compute/v1/projects/522201881359 [none]
[debug] [2026-01-24T14:53:06.885Z] <<< [apiv2][status] GET https://compute.googleapis.com/compute/v1/projects/522201881359 403
[debug] [2026-01-24T14:53:06.886Z] <<< [apiv2][body] GET https://compute.googleapis.com/compute/v1/projects/522201881359 {"error":{"code":403,"message":"Compute Engine API has not been used in project 522201881359 before or it is disabled. Enable it by visiting https://console.developers.google.com/apis/api/compute.googleapis.com/overview?project=522201881359 then retry. If you enabled this API recently, wait a few minutes for the action to propagate to our systems and retry.","errors":[{"message":"Compute Engine API has not been used in project 522201881359 before or it is disabled. Enable it by visiting https://console.developers.google.com/apis/api/compute.googleapis.com/overview?project=522201881359 then retry. If you enabled this API recently, wait a few minutes for the action to propagate to our systems and retry.","domain":"usageLimits","reason":"accessNotConfigured","extendedHelp":"https://console.developers.google.com"}],"status":"PERMISSION_DENIED","details":[{"@type":"type.googleapis.com/google.rpc.ErrorInfo","reason":"SERVICE_DISABLED","domain":"googleapis.com","metadata":{"containerInfo":"522201881359","activationUrl":"https://console.developers.google.com/apis/api/compute.googleapis.com/overview?project=522201881359","consumer":"projects/522201881359","serviceTitle":"Compute Engine API","service":"compute.googleapis.com"}},{"@type":"type.googleapis.com/google.rpc.LocalizedMessage","locale":"en-US","message":"Compute Engine API has not been used in project 522201881359 before or it is disabled. Enable it by visiting https://console.developers.google.com/apis/api/compute.googleapis.com/overview?project=522201881359 then retry. If you enabled this API recently, wait a few minutes for the action to propagate to our systems and retry."},{"@type":"type.googleapis.com/google.rpc.Help","links":[{"description":"Google developers console API activation","url":"https://console.developers.google.com/apis/api/compute.googleapis.com/overview?project=522201881359"}]}]}}
[debug] [2026-01-24T14:53:06.886Z] unable to look up default compute service account. Falling back to 522201881359-compute@developer.gserviceaccount.com. Error: {"name":"FirebaseError","children":[],"context":{"body":{"error":{"code":403,"message":"Compute Engine API has not been used in project 522201881359 before or it is disabled. Enable it by visiting https://console.developers.google.com/apis/api/compute.googleapis.com/overview?project=522201881359 then retry. If you enabled this API recently, wait a few minutes for the action to propagate to our systems and retry.","errors":[{"message":"Compute Engine API has not been used in project 522201881359 before or it is disabled. Enable it by visiting https://console.developers.google.com/apis/api/compute.googleapis.com/overview?project=522201881359 then retry. If you enabled this API recently, wait a few minutes for the action to propagate to our systems and retry.","domain":"usageLimits","reason":"accessNotConfigured","extendedHelp":"https://console.developers.google.com"}],"status":"PERMISSION_DENIED","details":[{"@type":"type.googleapis.com/google.rpc.ErrorInfo","reason":"SERVICE_DISABLED","domain":"googleapis.com","metadata":{"containerInfo":"522201881359","activationUrl":"https://console.developers.google.com/apis/api/compute.googleapis.com/overview?project=522201881359","consumer":"projects/522201881359","serviceTitle":"Compute Engine API","service":"compute.googleapis.com"}},{"@type":"type.googleapis.com/google.rpc.LocalizedMessage","locale":"en-US","message":"Compute Engine API has not been used in project 522201881359 before or it is disabled. Enable it by visiting https://console.developers.google.com/apis/api/compute.googleapis.com/overview?project=522201881359 then retry. If you enabled this API recently, wait a few minutes for the action to propagate to our systems and retry."},{"@type":"type.googleapis.com/google.rpc.Help","links":[{"description":"Google developers console API activation","url":"https://console.developers.google.com/apis/api/compute.googleapis.com/overview?project=522201881359"}]}]}},"response":{"statusCode":403}},"exit":1,"message":"Request to https://compute.googleapis.com/compute/v1/projects/522201881359 had HTTP Error: 403, Compute Engine API has not been used in project 522201881359 before or it is disabled. Enable it by visiting https://console.developers.google.com/apis/api/compute.googleapis.com/overview?project=522201881359 then retry. If you enabled this API recently, wait a few minutes for the action to propagate to our systems and retry.","status":403}
[debug] [2026-01-24T14:53:06.886Z] Checked if tokens are valid: true, expires at: 1769269262015
[debug] [2026-01-24T14:53:06.886Z] Checked if tokens are valid: true, expires at: 1769269262015
[debug] [2026-01-24T14:53:06.887Z] >>> [apiv2][query] GET https://compute.googleapis.com/compute/v1/projects/522201881359 [none]
[debug] [2026-01-24T14:53:07.072Z] <<< [apiv2][status] GET https://compute.googleapis.com/compute/v1/projects/522201881359 403
[debug] [2026-01-24T14:53:07.072Z] <<< [apiv2][body] GET https://compute.googleapis.com/compute/v1/projects/522201881359 {"error":{"code":403,"message":"Compute Engine API has not been used in project 522201881359 before or it is disabled. Enable it by visiting https://console.developers.google.com/apis/api/compute.googleapis.com/overview?project=522201881359 then retry. If you enabled this API recently, wait a few minutes for the action to propagate to our systems and retry.","errors":[{"message":"Compute Engine API has not been used in project 522201881359 before or it is disabled. Enable it by visiting https://console.developers.google.com/apis/api/compute.googleapis.com/overview?project=522201881359 then retry. If you enabled this API recently, wait a few minutes for the action to propagate to our systems and retry.","domain":"usageLimits","reason":"accessNotConfigured","extendedHelp":"https://console.developers.google.com"}],"status":"PERMISSION_DENIED","details":[{"@type":"type.googleapis.com/google.rpc.ErrorInfo","reason":"SERVICE_DISABLED","domain":"googleapis.com","metadata":{"activationUrl":"https://console.developers.google.com/apis/api/compute.googleapis.com/overview?project=522201881359","service":"compute.googleapis.com","containerInfo":"522201881359","serviceTitle":"Compute Engine API","consumer":"projects/522201881359"}},{"@type":"type.googleapis.com/google.rpc.LocalizedMessage","locale":"en-US","message":"Compute Engine API has not been used in project 522201881359 before or it is disabled. Enable it by visiting https://console.developers.google.com/apis/api/compute.googleapis.com/overview?project=522201881359 then retry. If you enabled this API recently, wait a few minutes for the action to propagate to our systems and retry."},{"@type":"type.googleapis.com/google.rpc.Help","links":[{"description":"Google developers console API activation","url":"https://console.developers.google.com/apis/api/compute.googleapis.com/overview?project=522201881359"}]}]}}
[debug] [2026-01-24T14:53:07.073Z] unable to look up default compute service account. Falling back to 522201881359-compute@developer.gserviceaccount.com. Error: {"name":"FirebaseError","children":[],"context":{"body":{"error":{"code":403,"message":"Compute Engine API has not been used in project 522201881359 before or it is disabled. Enable it by visiting https://console.developers.google.com/apis/api/compute.googleapis.com/overview?project=522201881359 then retry. If you enabled this API recently, wait a few minutes for the action to propagate to our systems and retry.","errors":[{"message":"Compute Engine API has not been used in project 522201881359 before or it is disabled. Enable it by visiting https://console.developers.google.com/apis/api/compute.googleapis.com/overview?project=522201881359 then retry. If you enabled this API recently, wait a few minutes for the action to propagate to our systems and retry.","domain":"usageLimits","reason":"accessNotConfigured","extendedHelp":"https://console.developers.google.com"}],"status":"PERMISSION_DENIED","details":[{"@type":"type.googleapis.com/google.rpc.ErrorInfo","reason":"SERVICE_DISABLED","domain":"googleapis.com","metadata":{"activationUrl":"https://console.developers.google.com/apis/api/compute.googleapis.com/overview?project=522201881359","service":"compute.googleapis.com","containerInfo":"522201881359","serviceTitle":"Compute Engine API","consumer":"projects/522201881359"}},{"@type":"type.googleapis.com/google.rpc.LocalizedMessage","locale":"en-US","message":"Compute Engine API has not been used in project 522201881359 before or it is disabled. Enable it by visiting https://console.developers.google.com/apis/api/compute.googleapis.com/overview?project=522201881359 then retry. If you enabled this API recently, wait a few minutes for the action to propagate to our systems and retry."},{"@type":"type.googleapis.com/google.rpc.Help","links":[{"description":"Google developers console API activation","url":"https://console.developers.google.com/apis/api/compute.googleapis.com/overview?project=522201881359"}]}]}},"response":{"statusCode":403}},"exit":1,"message":"Request to https://compute.googleapis.com/compute/v1/projects/522201881359 had HTTP Error: 403, Compute Engine API has not been used in project 522201881359 before or it is disabled. Enable it by visiting https://console.developers.google.com/apis/api/compute.googleapis.com/overview?project=522201881359 then retry. If you enabled this API recently, wait a few minutes for the action to propagate to our systems and retry.","status":403}
[debug] [2026-01-24T14:53:07.076Z] Checked if tokens are valid: true, expires at: 1769269262015
[debug] [2026-01-24T14:53:07.076Z] Checked if tokens are valid: true, expires at: 1769269262015
[debug] [2026-01-24T14:53:07.076Z] >>> [apiv2][query] GET https://cloudbilling.googleapis.com/v1/projects/vin-c08ff/billingInfo [none]
[debug] [2026-01-24T14:53:07.871Z] <<< [apiv2][status] GET https://cloudbilling.googleapis.com/v1/projects/vin-c08ff/billingInfo 200
[debug] [2026-01-24T14:53:07.871Z] <<< [apiv2][body] GET https://cloudbilling.googleapis.com/v1/projects/vin-c08ff/billingInfo {"name":"projects/vin-c08ff/billingInfo","projectId":"vin-c08ff","billingAccountName":"billingAccounts/017367-0CD1DA-415EE5","billingEnabled":true}
[debug] [2026-01-24T14:53:07.878Z] Checked if tokens are valid: true, expires at: 1769269262015
[debug] [2026-01-24T14:53:07.878Z] Checked if tokens are valid: true, expires at: 1769269262015
[debug] [2026-01-24T14:53:07.878Z] >>> [apiv2][query] POST https://cloudfunctions.googleapis.com/v2/projects/vin-c08ff/locations/us-central1/functions:generateUploadUrl [none]
[debug] [2026-01-24T14:53:09.543Z] <<< [apiv2][status] POST https://cloudfunctions.googleapis.com/v2/projects/vin-c08ff/locations/us-central1/functions:generateUploadUrl 200
[debug] [2026-01-24T14:53:09.544Z] <<< [apiv2][body] POST https://cloudfunctions.googleapis.com/v2/projects/vin-c08ff/locations/us-central1/functions:generateUploadUrl {"uploadUrl":"https://storage.googleapis.com/gcf-v2-uploads-522201881359.us-central1.cloudfunctions.appspot.com/73cb8df1-1dd1-42c5-acd0-e9cfcbdf16c1.zip?GoogleAccessId=service-522201881359@gcf-admin-robot.iam.gserviceaccount.com&Expires=1769268189&Signature=cnYlJgWhKeVdCngxvSM1bsdSmRX7tukdtmR78bPFru%2BBGqEs0TeoEntDh8GVjymIV3zHZcTUf0c2p5MlZiLl1bRAunM4ZR4%2FH6iBRD5lNJFW1eMqfSwlsensXztU%2B%2FPfeASS6K5jpmqjzMnxM9ss4h5QyqMl5oxN4pY0mFYSsFNV%2B9F%2B0aqjL3LlY9OzIbTIZeNvLJcklzfuh2puKx6aP0KpVWtWTY3bsEcK%2Fv5PyDKAi%2FvFtc2fKHDbfr9G12tnOEtbtR0B6ECKPf5tfgmtRR3hnaoRDQzIWsz5hdz8q7LhLaSSfSUE29I%2FzZonrkhd3zsQh7HA8dJSfSnQXiYlzw%3D%3D","storageSource":{"bucket":"gcf-v2-uploads-522201881359.us-central1.cloudfunctions.appspot.com","object":"73cb8df1-1dd1-42c5-acd0-e9cfcbdf16c1.zip"}}
[debug] [2026-01-24T14:53:09.545Z] >>> [apiv2][query] PUT https://storage.googleapis.com/gcf-v2-uploads-522201881359.us-central1.cloudfunctions.appspot.com/73cb8df1-1dd1-42c5-acd0-e9cfcbdf16c1.zip GoogleAccessId=service-522201881359%40gcf-admin-robot.iam.gserviceaccount.com&Expires=1769268189&Signature=cnYlJgWhKeVdCngxvSM1bsdSmRX7tukdtmR78bPFru%2BBGqEs0TeoEntDh8GVjymIV3zHZcTUf0c2p5MlZiLl1bRAunM4ZR4%2FH6iBRD5lNJFW1eMqfSwlsensXztU%2B%2FPfeASS6K5jpmqjzMnxM9ss4h5QyqMl5oxN4pY0mFYSsFNV%2B9F%2B0aqjL3LlY9OzIbTIZeNvLJcklzfuh2puKx6aP0KpVWtWTY3bsEcK%2Fv5PyDKAi%2FvFtc2fKHDbfr9G12tnOEtbtR0B6ECKPf5tfgmtRR3hnaoRDQzIWsz5hdz8q7LhLaSSfSUE29I%2FzZonrkhd3zsQh7HA8dJSfSnQXiYlzw%3D%3D
[debug] [2026-01-24T14:53:09.545Z] >>> [apiv2][body] PUT https://storage.googleapis.com/gcf-v2-uploads-522201881359.us-central1.cloudfunctions.appspot.com/73cb8df1-1dd1-42c5-acd0-e9cfcbdf16c1.zip [stream]
[debug] [2026-01-24T14:53:09.830Z] <<< [apiv2][status] PUT https://storage.googleapis.com/gcf-v2-uploads-522201881359.us-central1.cloudfunctions.appspot.com/73cb8df1-1dd1-42c5-acd0-e9cfcbdf16c1.zip 200
[debug] [2026-01-24T14:53:09.830Z] <<< [apiv2][body] PUT https://storage.googleapis.com/gcf-v2-uploads-522201881359.us-central1.cloudfunctions.appspot.com/73cb8df1-1dd1-42c5-acd0-e9cfcbdf16c1.zip [omitted]
[info] ✔  functions: functions source uploaded successfully 
[info] i  functions: creating Node.js 20 (2nd Gen) function onFollowCreate(us-central1)... 
[info] i  functions: creating Node.js 20 (2nd Gen) function onFollowDelete(us-central1)... 
[debug] [2026-01-24T14:53:09.832Z] Checked if tokens are valid: true, expires at: 1769269262015
[debug] [2026-01-24T14:53:09.832Z] Checked if tokens are valid: true, expires at: 1769269262015
[debug] [2026-01-24T14:53:09.833Z] >>> [apiv2][query] POST https://cloudfunctions.googleapis.com/v2/projects/vin-c08ff/locations/us-central1/functions functionId=onFollowCreate
[debug] [2026-01-24T14:53:09.833Z] >>> [apiv2][body] POST https://cloudfunctions.googleapis.com/v2/projects/vin-c08ff/locations/us-central1/functions {"name":"projects/vin-c08ff/locations/us-central1/functions/onFollowCreate","buildConfig":{"runtime":"nodejs20","entryPoint":"onFollowCreate","source":{"storageSource":{"bucket":"gcf-v2-uploads-522201881359.us-central1.cloudfunctions.appspot.com","object":"73cb8df1-1dd1-42c5-acd0-e9cfcbdf16c1.zip"}},"environmentVariables":{"GOOGLE_NODE_RUN_SCRIPTS":""}},"serviceConfig":{"environmentVariables":{"FIREBASE_CONFIG":"{\"projectId\":\"vin-c08ff\",\"storageBucket\":\"vin-c08ff.firebasestorage.app\"}","GCLOUD_PROJECT":"vin-c08ff","EVENTARC_CLOUD_EVENT_SOURCE":"projects/vin-c08ff/locations/us-central1/services/onFollowCreate","FUNCTION_SIGNATURE_TYPE":"cloudevent","FUNCTION_TARGET":"onFollowCreate","LOG_EXECUTION_ID":"true"},"ingressSettings":null,"timeoutSeconds":null,"serviceAccountEmail":null,"availableMemory":"256Mi","minInstanceCount":null,"maxInstanceCount":null,"maxInstanceRequestConcurrency":80,"availableCpu":"1","vpcConnector":null,"vpcConnectorEgressSettings":null},"labels":{"deployment-tool":"cli-firebase","firebase-functions-hash":"5d3978806f75484cc1c4bea6315464a86d60be33"},"eventTrigger":{"eventType":"google.cloud.firestore.document.v1.created","retryPolicy":"RETRY_POLICY_DO_NOT_RETRY","eventFilters":[{"attribute":"database","value":"(default)"},{"attribute":"namespace","value":"(default)"},{"attribute":"document","value":"users/{followerId}/following/{followeeId}","operator":"match-path-pattern"}],"triggerRegion":"eur3"}}
[debug] [2026-01-24T14:53:27.084Z] <<< [apiv2][status] POST https://cloudfunctions.googleapis.com/v2/projects/vin-c08ff/locations/us-central1/functions 400
[debug] [2026-01-24T14:53:27.084Z] <<< [apiv2][body] POST https://cloudfunctions.googleapis.com/v2/projects/vin-c08ff/locations/us-central1/functions {"error":{"code":400,"message":"Validation failed for trigger projects/vin-c08ff/locations/eur3/triggers/onfollowcreate-925576: Invalid resource state for \"\": Permission denied while using the Eventarc Service Agent. If you recently started to use Eventarc, it may take a few minutes before all necessary permissions are propagated to the Service Agent. Otherwise, verify that it has Eventarc Service Agent role.","status":"FAILED_PRECONDITION"}}
[warn] ⚠  functions: Request to https://cloudfunctions.googleapis.com/v2/projects/vin-c08ff/locations/us-central1/functions?functionId=onFollowCreate had HTTP Error: 400, Validation failed for trigger projects/vin-c08ff/locations/eur3/triggers/onfollowcreate-925576: Invalid resource state for "": Permission denied while using the Eventarc Service Agent. If you recently started to use Eventarc, it may take a few minutes before all necessary permissions are propagated to the Service Agent. Otherwise, verify that it has Eventarc Service Agent role. 
[warn] ⚠  functions: Since this is your first time using 2nd gen functions, we need a little bit longer to finish setting everything up. Retry the deployment in a few minutes. 
[warn] ⚠  functions:  failed to create function projects/vin-c08ff/locations/us-central1/functions/onFollowCreate 
[error] Failed to create function projects/vin-c08ff/locations/us-central1/functions/onFollowCreate
[debug] [2026-01-24T14:53:27.087Z] Checked if tokens are valid: true, expires at: 1769269262015
[debug] [2026-01-24T14:53:27.087Z] Checked if tokens are valid: true, expires at: 1769269262015
[debug] [2026-01-24T14:53:27.087Z] >>> [apiv2][query] POST https://cloudfunctions.googleapis.com/v2/projects/vin-c08ff/locations/us-central1/functions functionId=onFollowDelete
[debug] [2026-01-24T14:53:27.087Z] >>> [apiv2][body] POST https://cloudfunctions.googleapis.com/v2/projects/vin-c08ff/locations/us-central1/functions {"name":"projects/vin-c08ff/locations/us-central1/functions/onFollowDelete","buildConfig":{"runtime":"nodejs20","entryPoint":"onFollowDelete","source":{"storageSource":{"bucket":"gcf-v2-uploads-522201881359.us-central1.cloudfunctions.appspot.com","object":"73cb8df1-1dd1-42c5-acd0-e9cfcbdf16c1.zip"}},"environmentVariables":{"GOOGLE_NODE_RUN_SCRIPTS":""}},"serviceConfig":{"environmentVariables":{"FIREBASE_CONFIG":"{\"projectId\":\"vin-c08ff\",\"storageBucket\":\"vin-c08ff.firebasestorage.app\"}","GCLOUD_PROJECT":"vin-c08ff","EVENTARC_CLOUD_EVENT_SOURCE":"projects/vin-c08ff/locations/us-central1/services/onFollowDelete","FUNCTION_SIGNATURE_TYPE":"cloudevent","FUNCTION_TARGET":"onFollowDelete","LOG_EXECUTION_ID":"true"},"ingressSettings":null,"timeoutSeconds":null,"serviceAccountEmail":null,"availableMemory":"256Mi","minInstanceCount":null,"maxInstanceCount":null,"maxInstanceRequestConcurrency":80,"availableCpu":"1","vpcConnector":null,"vpcConnectorEgressSettings":null},"labels":{"deployment-tool":"cli-firebase","firebase-functions-hash":"5d3978806f75484cc1c4bea6315464a86d60be33"},"eventTrigger":{"eventType":"google.cloud.firestore.document.v1.deleted","retryPolicy":"RETRY_POLICY_DO_NOT_RETRY","eventFilters":[{"attribute":"database","value":"(default)"},{"attribute":"namespace","value":"(default)"},{"attribute":"document","value":"users/{followerId}/following/{followeeId}","operator":"match-path-pattern"}],"triggerRegion":"eur3"}}
[debug] [2026-01-24T14:53:43.063Z] <<< [apiv2][status] POST https://cloudfunctions.googleapis.com/v2/projects/vin-c08ff/locations/us-central1/functions 400
[debug] [2026-01-24T14:53:43.064Z] <<< [apiv2][body] POST https://cloudfunctions.googleapis.com/v2/projects/vin-c08ff/locations/us-central1/functions {"error":{"code":400,"message":"Validation failed for trigger projects/vin-c08ff/locations/eur3/triggers/onfollowdelete-817053: Invalid resource state for \"\": Permission denied while using the Eventarc Service Agent. If you recently started to use Eventarc, it may take a few minutes before all necessary permissions are propagated to the Service Agent. Otherwise, verify that it has Eventarc Service Agent role.","status":"FAILED_PRECONDITION"}}
[warn] ⚠  functions: Request to https://cloudfunctions.googleapis.com/v2/projects/vin-c08ff/locations/us-central1/functions?functionId=onFollowDelete had HTTP Error: 400, Validation failed for trigger projects/vin-c08ff/locations/eur3/triggers/onfollowdelete-817053: Invalid resource state for "": Permission denied while using the Eventarc Service Agent. If you recently started to use Eventarc, it may take a few minutes before all necessary permissions are propagated to the Service Agent. Otherwise, verify that it has Eventarc Service Agent role. 
[warn] ⚠  functions: Since this is your first time using 2nd gen functions, we need a little bit longer to finish setting everything up. Retry the deployment in a few minutes. 
[warn] ⚠  functions:  failed to create function projects/vin-c08ff/locations/us-central1/functions/onFollowDelete 
[error] Failed to create function projects/vin-c08ff/locations/us-central1/functions/onFollowDelete
[debug] [2026-01-24T14:53:43.068Z] Total Function Deployment time: 33234
[debug] [2026-01-24T14:53:43.068Z] 2 Functions Deployed
[debug] [2026-01-24T14:53:43.068Z] 2 Functions Errored
[debug] [2026-01-24T14:53:43.068Z] 0 Function Deployments Aborted
[debug] [2026-01-24T14:53:43.068Z] Average Function Deployment time: 25244
[info] 
[info] Functions deploy had errors with the following functions:
	onFollowCreate(us-central1)
	onFollowDelete(us-central1)
[debug] [2026-01-24T14:53:43.069Z] Checked if tokens are valid: true, expires at: 1769269262015
[debug] [2026-01-24T14:53:43.069Z] Checked if tokens are valid: true, expires at: 1769269262015
[debug] [2026-01-24T14:53:43.069Z] >>> [apiv2][query] GET https://artifactregistry.googleapis.com/v1/projects/vin-c08ff/locations/us-central1/repositories/gcf-artifacts [none]
[debug] [2026-01-24T14:53:43.899Z] <<< [apiv2][status] GET https://artifactregistry.googleapis.com/v1/projects/vin-c08ff/locations/us-central1/repositories/gcf-artifacts 404
[debug] [2026-01-24T14:53:43.900Z] <<< [apiv2][body] GET https://artifactregistry.googleapis.com/v1/projects/vin-c08ff/locations/us-central1/repositories/gcf-artifacts {"error":{"code":404,"message":"Requested entity was not found.","status":"NOT_FOUND"}}
[debug] [2026-01-24T14:53:43.900Z] Failed to check artifact cleanup policy for region us-central1: Request to https://artifactregistry.googleapis.com/v1/projects/vin-c08ff/locations/us-central1/repositories/gcf-artifacts had HTTP Error: 404, Requested entity was not found. {"name":"FirebaseError","children":[],"context":{"body":{"error":{"code":404,"message":"Requested entity was not found.","status":"NOT_FOUND"}},"response":{"statusCode":404}},"exit":1,"message":"Request to https://artifactregistry.googleapis.com/v1/projects/vin-c08ff/locations/us-central1/repositories/gcf-artifacts had HTTP Error: 404, Requested entity was not found.","status":404}
[debug] [2026-01-24T14:53:43.902Z] Functions deploy failed.
[debug] [2026-01-24T14:53:43.902Z] {
  "endpoint": {
    "id": "onFollowCreate",
    "project": "vin-c08ff",
    "region": "us-central1",
    "entryPoint": "onFollowCreate",
    "platform": "gcfv2",
    "runtime": "nodejs20",
    "eventTrigger": {
      "eventType": "google.cloud.firestore.document.v1.created",
      "retry": false,
      "eventFilters": {
        "database": "(default)",
        "namespace": "(default)"
      },
      "eventFilterPathPatterns": {
        "document": "users/{followerId}/following/{followeeId}"
      },
      "region": "eur3"
    },
    "labels": {
      "deployment-tool": "cli-firebase"
    },
    "serviceAccount": null,
    "ingressSettings": null,
    "availableMemoryMb": null,
    "timeoutSeconds": null,
    "maxInstances": null,
    "minInstances": null,
    "concurrency": 80,
    "vpc": null,
    "environmentVariables": {
      "FIREBASE_CONFIG": "{\"projectId\":\"vin-c08ff\",\"storageBucket\":\"vin-c08ff.firebasestorage.app\"}",
      "GCLOUD_PROJECT": "vin-c08ff",
      "EVENTARC_CLOUD_EVENT_SOURCE": "projects/vin-c08ff/locations/us-central1/services/onFollowCreate"
    },
    "codebase": "default",
    "cpu": 1,
    "targetedByOnly": false,
    "hash": "5d3978806f75484cc1c4bea6315464a86d60be33"
  },
  "op": "create",
  "original": {
    "name": "FirebaseError",
    "children": [],
    "context": {
      "function": "projects/vin-c08ff/locations/us-central1/functions/onFollowCreate"
    },
    "exit": 1,
    "message": "Failed to create function projects/vin-c08ff/locations/us-central1/functions/onFollowCreate",
    "original": {
      "name": "FirebaseError",
      "children": [],
      "context": {
        "body": {
          "error": {
            "code": 400,
            "message": "Validation failed for trigger projects/vin-c08ff/locations/eur3/triggers/onfollowcreate-925576: Invalid resource state for \"\": Permission denied while using the Eventarc Service Agent. If you recently started to use Eventarc, it may take a few minutes before all necessary permissions are propagated to the Service Agent. Otherwise, verify that it has Eventarc Service Agent role.",
            "status": "FAILED_PRECONDITION"
          }
        },
        "response": {
          "statusCode": 400
        }
      },
      "exit": 1,
      "message": "Request to https://cloudfunctions.googleapis.com/v2/projects/vin-c08ff/locations/us-central1/functions?functionId=onFollowCreate had HTTP Error: 400, Validation failed for trigger projects/vin-c08ff/locations/eur3/triggers/onfollowcreate-925576: Invalid resource state for \"\": Permission denied while using the Eventarc Service Agent. If you recently started to use Eventarc, it may take a few minutes before all necessary permissions are propagated to the Service Agent. Otherwise, verify that it has Eventarc Service Agent role.",
      "status": 400
    },
    "status": 400,
    "code": 400
  }
}
[debug] [2026-01-24T14:53:43.902Z] {
  "endpoint": {
    "id": "onFollowDelete",
    "project": "vin-c08ff",
    "region": "us-central1",
    "entryPoint": "onFollowDelete",
    "platform": "gcfv2",
    "runtime": "nodejs20",
    "eventTrigger": {
      "eventType": "google.cloud.firestore.document.v1.deleted",
      "retry": false,
      "eventFilters": {
        "database": "(default)",
        "namespace": "(default)"
      },
      "eventFilterPathPatterns": {
        "document": "users/{followerId}/following/{followeeId}"
      },
      "region": "eur3"
    },
    "labels": {
      "deployment-tool": "cli-firebase"
    },
    "serviceAccount": null,
    "ingressSettings": null,
    "availableMemoryMb": null,
    "timeoutSeconds": null,
    "maxInstances": null,
    "minInstances": null,
    "concurrency": 80,
    "vpc": null,
    "environmentVariables": {
      "FIREBASE_CONFIG": "{\"projectId\":\"vin-c08ff\",\"storageBucket\":\"vin-c08ff.firebasestorage.app\"}",
      "GCLOUD_PROJECT": "vin-c08ff",
      "EVENTARC_CLOUD_EVENT_SOURCE": "projects/vin-c08ff/locations/us-central1/services/onFollowDelete"
    },
    "codebase": "default",
    "cpu": 1,
    "targetedByOnly": false,
    "hash": "5d3978806f75484cc1c4bea6315464a86d60be33"
  },
  "op": "create",
  "original": {
    "name": "FirebaseError",
    "children": [],
    "context": {
      "function": "projects/vin-c08ff/locations/us-central1/functions/onFollowDelete"
    },
    "exit": 1,
    "message": "Failed to create function projects/vin-c08ff/locations/us-central1/functions/onFollowDelete",
    "original": {
      "name": "FirebaseError",
      "children": [],
      "context": {
        "body": {
          "error": {
            "code": 400,
            "message": "Validation failed for trigger projects/vin-c08ff/locations/eur3/triggers/onfollowdelete-817053: Invalid resource state for \"\": Permission denied while using the Eventarc Service Agent. If you recently started to use Eventarc, it may take a few minutes before all necessary permissions are propagated to the Service Agent. Otherwise, verify that it has Eventarc Service Agent role.",
            "status": "FAILED_PRECONDITION"
          }
        },
        "response": {
          "statusCode": 400
        }
      },
      "exit": 1,
      "message": "Request to https://cloudfunctions.googleapis.com/v2/projects/vin-c08ff/locations/us-central1/functions?functionId=onFollowDelete had HTTP Error: 400, Validation failed for trigger projects/vin-c08ff/locations/eur3/triggers/onfollowdelete-817053: Invalid resource state for \"\": Permission denied while using the Eventarc Service Agent. If you recently started to use Eventarc, it may take a few minutes before all necessary permissions are propagated to the Service Agent. Otherwise, verify that it has Eventarc Service Agent role.",
      "status": 400
    },
    "status": 400,
    "code": 400
  }
}
[error] Error: There was an error deploying functions:
[error] - Error Failed to create function onFollowCreate in region us-central1
[error] - Error Failed to create function onFollowDelete in region us-central1
